<?xml version="1.0" encoding="UTF-8"?>
<!-- Generated by org.testng.reporters.JUnitXMLReporter -->
<testsuite ignored="0" hostname="DESKTOP-F4UK9QS" failures="1" tests="2" name="Test" time="19.158" errors="0" timestamp="2022-07-21T10:37:54 IST">
  <testcase classname="ListenersTest.java.Annotation1" name="amazon" time="11.098"/>
  <testcase classname="ListenersTest.java.Annotation1" name="flipkart" time="7.45">
    <failure type="java.lang.AssertionError" message="expected [https://flipkart.com/] but found [https://www.flipkart.com/]">
      <![CDATA[java.lang.AssertionError: expected [https://flipkart.com/] but found [https://www.flipkart.com/]
at ListenersTest.java.Annotation1.flipkart(Annotation1.java:23)
at java.base/java.util.ArrayList.forEach(ArrayList.java:1541)
... Removed 33 stack frames]]>
    </failure>
  </testcase> <!-- flipkart -->
</testsuite> <!-- Test -->
