<?xml version="1.0" encoding="UTF-8"?>
<!-- Generated by org.testng.reporters.JUnitXMLReporter -->
<testsuite ignored="10" hostname="DESKTOP-F4UK9QS" failures="1" tests="9" name="Test" time="208.376" errors="0" timestamp="02 Aug 2022 10:14:14 GMT">
  <testcase classname="AllTestCases.TC_03_create_compare_ContactTest" name="abcd" time="22.795"/>
  <testcase classname="AllTestCases.TC_04_create_org_delete_Test" name="run" time="29.99"/>
  <testcase classname="AllTestCases.TC_06_createorg_selectall_deleteTest" name="exampl" time="32.026"/>
  <testcase classname="AllTestCases.TC_01_Select_particular_rowTest" name="main1" time="4.391">
    <skipped/>
  </testcase> <!-- main1 -->
  <testcase classname="AllTestCases.TC_01_Select_particular_rowTest" name="main1" time="4.111">
    <skipped/>
  </testcase> <!-- main1 -->
  <testcase classname="AllTestCases.TC_01_Select_particular_rowTest" name="main1" time="4.129">
    <skipped/>
  </testcase> <!-- main1 -->
  <testcase classname="AllTestCases.TC_01_Select_particular_rowTest" name="main1" time="4.09">
    <failure type="java.lang.AssertionError" message="null">
      <![CDATA[java.lang.AssertionError: null
at AllTestCases.TC_01_Select_particular_rowTest.main1(TC_01_Select_particular_rowTest.java:21)
... Removed 27 stack frames]]>
    </failure>
  </testcase> <!-- main1 -->
  <testcase classname="AllTestCases.TC_05_create_camp_deleteCamp_Test" name="example" time="24.494"/>
  <testcase classname="AllTestCases.TC_02_createOrganization_Test" name="createOrg" time="22.179"/>
  <testcase classname="com.Vtiger_generic.BaseClass" name="@BeforeSuite connectToDB" time="0.0">
    <ignored/>
  </testcase> <!-- @BeforeSuite connectToDB -->
  <testcase classname="com.Vtiger_generic.BaseClass" name="@BeforeSuite connectToDB" time="0.0">
    <ignored/>
  </testcase> <!-- @BeforeSuite connectToDB -->
  <testcase classname="com.Vtiger_generic.BaseClass" name="@BeforeSuite connectToDB" time="0.0">
    <ignored/>
  </testcase> <!-- @BeforeSuite connectToDB -->
  <testcase classname="com.Vtiger_generic.BaseClass" name="@BeforeSuite connectToDB" time="0.0">
    <ignored/>
  </testcase> <!-- @BeforeSuite connectToDB -->
  <testcase classname="com.Vtiger_generic.BaseClass" name="@BeforeSuite connectToDB" time="0.0">
    <ignored/>
  </testcase> <!-- @BeforeSuite connectToDB -->
  <testcase classname="com.Vtiger_generic.BaseClass" name="@AfterSuite closeConnectToDB" time="0.0">
    <ignored/>
  </testcase> <!-- @AfterSuite closeConnectToDB -->
  <testcase classname="com.Vtiger_generic.BaseClass" name="@AfterSuite closeConnectToDB" time="0.0">
    <ignored/>
  </testcase> <!-- @AfterSuite closeConnectToDB -->
  <testcase classname="com.Vtiger_generic.BaseClass" name="@AfterSuite closeConnectToDB" time="0.0">
    <ignored/>
  </testcase> <!-- @AfterSuite closeConnectToDB -->
  <testcase classname="com.Vtiger_generic.BaseClass" name="@AfterSuite closeConnectToDB" time="0.0">
    <ignored/>
  </testcase> <!-- @AfterSuite closeConnectToDB -->
  <testcase classname="com.Vtiger_generic.BaseClass" name="@AfterSuite closeConnectToDB" time="0.0">
    <ignored/>
  </testcase> <!-- @AfterSuite closeConnectToDB -->
</testsuite> <!-- Test -->
