<?xml version="1.0" encoding="UTF-8"?>
<!-- Generated by org.testng.reporters.JUnitXMLReporter -->
<testsuite ignored="12" hostname="DESKTOP-F4UK9QS" failures="0" tests="4" name="Test" time="162.049" errors="0" timestamp="28 Jul 2022 12:31:30 GMT">
  <testcase classname="AllTestCases.TC_04_create_org_delete_Test" name="run" time="34.754"/>
  <testcase classname="AllTestCases.TC_05_create_camp_deleteCamp_Test" name="example" time="28.455"/>
  <testcase classname="AllTestCases.TC_06_createorg_selectall_deleteTest" name="exampl" time="39.201"/>
  <testcase classname="AllTestCases.TC_03_create_compare_orgTest" name="abcd" time="20.826"/>
  <testcase classname="AllTestCases.TC_01_Select_particular_rowTest" name="main1" time="0.0">
    <ignored/>
  </testcase> <!-- main1 -->
  <testcase classname="com.Vtiger_generic.BaseClass" name="@BeforeSuite connectToDB" time="0.0">
    <ignored/>
  </testcase> <!-- @BeforeSuite connectToDB -->
  <testcase classname="com.Vtiger_generic.BaseClass" name="@BeforeSuite connectToDB" time="0.0">
    <ignored/>
  </testcase> <!-- @BeforeSuite connectToDB -->
  <testcase classname="com.Vtiger_generic.BaseClass" name="@BeforeSuite connectToDB" time="0.0">
    <ignored/>
  </testcase> <!-- @BeforeSuite connectToDB -->
  <testcase classname="com.Vtiger_generic.BaseClass" name="@BeforeSuite connectToDB" time="0.0">
    <ignored/>
  </testcase> <!-- @BeforeSuite connectToDB -->
  <testcase classname="com.Vtiger_generic.BaseClass" name="@BeforeSuite connectToDB" time="0.0">
    <ignored/>
  </testcase> <!-- @BeforeSuite connectToDB -->
  <testcase classname="AllTestCases.TC_02_createOrganization_Test" name="createOrg" time="0.0">
    <ignored/>
  </testcase> <!-- createOrg -->
  <testcase classname="com.Vtiger_generic.BaseClass" name="@AfterSuite closeConnectToDB" time="0.0">
    <ignored/>
  </testcase> <!-- @AfterSuite closeConnectToDB -->
  <testcase classname="com.Vtiger_generic.BaseClass" name="@AfterSuite closeConnectToDB" time="0.0">
    <ignored/>
  </testcase> <!-- @AfterSuite closeConnectToDB -->
  <testcase classname="com.Vtiger_generic.BaseClass" name="@AfterSuite closeConnectToDB" time="0.0">
    <ignored/>
  </testcase> <!-- @AfterSuite closeConnectToDB -->
  <testcase classname="com.Vtiger_generic.BaseClass" name="@AfterSuite closeConnectToDB" time="0.0">
    <ignored/>
  </testcase> <!-- @AfterSuite closeConnectToDB -->
  <testcase classname="com.Vtiger_generic.BaseClass" name="@AfterSuite closeConnectToDB" time="0.0">
    <ignored/>
  </testcase> <!-- @AfterSuite closeConnectToDB -->
</testsuite> <!-- Test -->
