<?xml version="1.0" encoding="UTF-8"?>
<testng-results ignored="0" total="1" passed="1" failed="0" skipped="0">
  <reporter-output>
  </reporter-output>
  <suite started-at="2022-08-02T10:17:20Z" name="Default suite" finished-at="2022-08-02T10:17:36Z" duration-ms="16077">
    <groups>
      <group name="Smoke">
        <method signature="TC_01_Select_particular_rowTest.main1()[pri:0, instance:AllTestCases.TC_01_Select_particular_rowTest@7749bf93]" name="main1" class="AllTestCases.TC_01_Select_particular_rowTest"/>
      </group> <!-- Smoke -->
    </groups>
    <test started-at="2022-08-02T10:17:20Z" name="Default test" finished-at="2022-08-02T10:17:36Z" duration-ms="16077">
      <class name="AllTestCases.TC_01_Select_particular_rowTest">
        <test-method is-config="true" signature="connectToDB()[pri:0, instance:AllTestCases.TC_01_Select_particular_rowTest@7749bf93]" started-at="2022-08-02T10:17:20Z" name="connectToDB" finished-at="2022-08-02T10:17:20Z" duration-ms="22" status="PASS">
          <reporter-output>
          </reporter-output>
        </test-method> <!-- connectToDB -->
        <test-method is-config="true" signature="launchBrowser()[pri:0, instance:AllTestCases.TC_01_Select_particular_rowTest@7749bf93]" started-at="2022-08-02T10:17:20Z" name="launchBrowser" finished-at="2022-08-02T10:17:25Z" duration-ms="4337" status="PASS">
          <reporter-output>
          </reporter-output>
        </test-method> <!-- launchBrowser -->
        <test-method is-config="true" signature="logionAppln()[pri:0, instance:AllTestCases.TC_01_Select_particular_rowTest@7749bf93]" started-at="2022-08-02T10:17:25Z" name="logionAppln" finished-at="2022-08-02T10:17:27Z" duration-ms="2291" status="PASS">
          <reporter-output>
          </reporter-output>
        </test-method> <!-- logionAppln -->
        <test-method signature="main1()[pri:0, instance:AllTestCases.TC_01_Select_particular_rowTest@7749bf93]" started-at="2022-08-02T10:17:27Z" name="main1" finished-at="2022-08-02T10:17:35Z" duration-ms="8022" status="PASS">
          <reporter-output>
          </reporter-output>
        </test-method> <!-- main1 -->
        <test-method is-config="true" signature="logoutAppln()[pri:0, instance:AllTestCases.TC_01_Select_particular_rowTest@7749bf93]" started-at="2022-08-02T10:17:35Z" name="logoutAppln" finished-at="2022-08-02T10:17:36Z" duration-ms="1213" status="PASS">
          <reporter-output>
          </reporter-output>
        </test-method> <!-- logoutAppln -->
        <test-method is-config="true" signature="closeBrowser()[pri:0, instance:AllTestCases.TC_01_Select_particular_rowTest@7749bf93]" started-at="2022-08-02T10:17:36Z" name="closeBrowser" finished-at="2022-08-02T10:17:36Z" duration-ms="182" status="PASS">
          <reporter-output>
          </reporter-output>
        </test-method> <!-- closeBrowser -->
        <test-method is-config="true" signature="closeConnectToDB()[pri:0, instance:AllTestCases.TC_01_Select_particular_rowTest@7749bf93]" started-at="2022-08-02T10:17:36Z" name="closeConnectToDB" finished-at="2022-08-02T10:17:36Z" duration-ms="0" status="PASS">
          <reporter-output>
          </reporter-output>
        </test-method> <!-- closeConnectToDB -->
      </class> <!-- AllTestCases.TC_01_Select_particular_rowTest -->
    </test> <!-- Default test -->
  </suite> <!-- Default suite -->
</testng-results>
